2021/05/12 09:38:55 [error] [exception.CHttpException.404] CHttpException: Unable to resolve the request "post". in G:\xampp\htdocs\yii-1.1.13\framework\web\CWebApplication.php:286
Stack trace:
#0 G:\xampp\htdocs\yii-1.1.13\framework\web\CWebApplication.php(141): CWebApplication->runController('post')
#1 G:\xampp\htdocs\yii-1.1.13\framework\base\CApplication.php(169): CWebApplication->processRequest()
#2 G:\xampp\htdocs\yii-basic\webapp_yii\index.php(13): CApplication->run()
#3 {main}
REQUEST_URI=/yii-basic/webapp_yii/index.php?r=post
---
2021/05/12 09:41:40 [error] [exception.CHttpException.404] CHttpException: Unable to resolve the request "post". in G:\xampp\htdocs\yii-1.1.13\framework\web\CWebApplication.php:286
Stack trace:
#0 G:\xampp\htdocs\yii-1.1.13\framework\web\CWebApplication.php(141): CWebApplication->runController('post')
#1 G:\xampp\htdocs\yii-1.1.13\framework\base\CApplication.php(169): CWebApplication->processRequest()
#2 G:\xampp\htdocs\yii-basic\webapp_yii\index.php(13): CApplication->run()
#3 {main}
REQUEST_URI=/yii-basic/webapp_yii/index.php?r=post
---
2021/05/12 09:41:41 [error] [exception.CHttpException.404] CHttpException: Unable to resolve the request "post". in G:\xampp\htdocs\yii-1.1.13\framework\web\CWebApplication.php:286
Stack trace:
#0 G:\xampp\htdocs\yii-1.1.13\framework\web\CWebApplication.php(141): CWebApplication->runController('post')
#1 G:\xampp\htdocs\yii-1.1.13\framework\base\CApplication.php(169): CWebApplication->processRequest()
#2 G:\xampp\htdocs\yii-basic\webapp_yii\index.php(13): CApplication->run()
#3 {main}
REQUEST_URI=/yii-basic/webapp_yii/index.php?r=post
---
2021/05/12 09:41:42 [error] [exception.CHttpException.404] CHttpException: Unable to resolve the request "post". in G:\xampp\htdocs\yii-1.1.13\framework\web\CWebApplication.php:286
Stack trace:
#0 G:\xampp\htdocs\yii-1.1.13\framework\web\CWebApplication.php(141): CWebApplication->runController('post')
#1 G:\xampp\htdocs\yii-1.1.13\framework\base\CApplication.php(169): CWebApplication->processRequest()
#2 G:\xampp\htdocs\yii-basic\webapp_yii\index.php(13): CApplication->run()
#3 {main}
REQUEST_URI=/yii-basic/webapp_yii/index.php?r=post
---
2021/05/12 09:41:43 [error] [exception.CHttpException.404] CHttpException: Unable to resolve the request "post". in G:\xampp\htdocs\yii-1.1.13\framework\web\CWebApplication.php:286
Stack trace:
#0 G:\xampp\htdocs\yii-1.1.13\framework\web\CWebApplication.php(141): CWebApplication->runController('post')
#1 G:\xampp\htdocs\yii-1.1.13\framework\base\CApplication.php(169): CWebApplication->processRequest()
#2 G:\xampp\htdocs\yii-basic\webapp_yii\index.php(13): CApplication->run()
#3 {main}
REQUEST_URI=/yii-basic/webapp_yii/index.php?r=post
---
2021/05/12 09:41:43 [error] [exception.CHttpException.404] CHttpException: Unable to resolve the request "post". in G:\xampp\htdocs\yii-1.1.13\framework\web\CWebApplication.php:286
Stack trace:
#0 G:\xampp\htdocs\yii-1.1.13\framework\web\CWebApplication.php(141): CWebApplication->runController('post')
#1 G:\xampp\htdocs\yii-1.1.13\framework\base\CApplication.php(169): CWebApplication->processRequest()
#2 G:\xampp\htdocs\yii-basic\webapp_yii\index.php(13): CApplication->run()
#3 {main}
REQUEST_URI=/yii-basic/webapp_yii/index.php?r=post
---
2021/05/12 09:42:34 [error] [exception.CHttpException.404] CHttpException: Unable to resolve the request "post". in G:\xampp\htdocs\yii-1.1.13\framework\web\CWebApplication.php:286
Stack trace:
#0 G:\xampp\htdocs\yii-1.1.13\framework\web\CWebApplication.php(141): CWebApplication->runController('post')
#1 G:\xampp\htdocs\yii-1.1.13\framework\base\CApplication.php(169): CWebApplication->processRequest()
#2 G:\xampp\htdocs\yii-basic\webapp_yii\index.php(13): CApplication->run()
#3 {main}
REQUEST_URI=/yii-basic/webapp_yii/index.php?r=post
---
2021/05/12 09:42:36 [error] [exception.ParseError] ParseError: syntax error, unexpected '*' in G:\xampp\htdocs\yii-basic\webapp_yii\protected\views\site\index.php:22
Stack trace:
#0 G:\xampp\htdocs\yii-1.1.13\framework\web\CBaseController.php(95): CBaseController->renderInternal('G:\\xampp\\htdocs...', NULL, true)
#1 G:\xampp\htdocs\yii-1.1.13\framework\web\CController.php(869): CBaseController->renderFile('G:\\xampp\\htdocs...', NULL, true)
#2 G:\xampp\htdocs\yii-1.1.13\framework\web\CController.php(782): CController->renderPartial('index', NULL, true)
#3 G:\xampp\htdocs\yii-basic\webapp_yii\protected\controllers\SiteController.php(32): CController->render('index')
#4 G:\xampp\htdocs\yii-1.1.13\framework\web\actions\CInlineAction.php(49): SiteController->actionIndex()
#5 G:\xampp\htdocs\yii-1.1.13\framework\web\CController.php(308): CInlineAction->runWithParams(Array)
#6 G:\xampp\htdocs\yii-1.1.13\framework\web\CController.php(286): CController->runAction(Object(CInlineAction))
#7 G:\xampp\htdocs\yii-1.1.13\framework\web\CController.php(265): CController->runActionWithFilters(Object(CInlineAction), Array)
#8 G:\xampp\htdocs\yii-1.1.13\framework\web\CWebApplication.php(282): CController->run('')
#9 G:\xampp\htdocs\yii-1.1.13\framework\web\CWebApplication.php(141): CWebApplication->runController('')
#10 G:\xampp\htdocs\yii-1.1.13\framework\base\CApplication.php(169): CWebApplication->processRequest()
#11 G:\xampp\htdocs\yii-basic\webapp_yii\index.php(13): CApplication->run()
#12 {main}
REQUEST_URI=/yii-basic/webapp_yii/index.php
---
2021/05/12 09:43:39 [error] [exception.ParseError] ParseError: syntax error, unexpected '*' in G:\xampp\htdocs\yii-basic\webapp_yii\protected\views\site\index.php:22
Stack trace:
#0 G:\xampp\htdocs\yii-1.1.13\framework\web\CBaseController.php(95): CBaseController->renderInternal('G:\\xampp\\htdocs...', NULL, true)
#1 G:\xampp\htdocs\yii-1.1.13\framework\web\CController.php(869): CBaseController->renderFile('G:\\xampp\\htdocs...', NULL, true)
#2 G:\xampp\htdocs\yii-1.1.13\framework\web\CController.php(782): CController->renderPartial('index', NULL, true)
#3 G:\xampp\htdocs\yii-basic\webapp_yii\protected\controllers\SiteController.php(32): CController->render('index')
#4 G:\xampp\htdocs\yii-1.1.13\framework\web\actions\CInlineAction.php(49): SiteController->actionIndex()
#5 G:\xampp\htdocs\yii-1.1.13\framework\web\CController.php(308): CInlineAction->runWithParams(Array)
#6 G:\xampp\htdocs\yii-1.1.13\framework\web\CController.php(286): CController->runAction(Object(CInlineAction))
#7 G:\xampp\htdocs\yii-1.1.13\framework\web\CController.php(265): CController->runActionWithFilters(Object(CInlineAction), Array)
#8 G:\xampp\htdocs\yii-1.1.13\framework\web\CWebApplication.php(282): CController->run('')
#9 G:\xampp\htdocs\yii-1.1.13\framework\web\CWebApplication.php(141): CWebApplication->runController('')
#10 G:\xampp\htdocs\yii-1.1.13\framework\base\CApplication.php(169): CWebApplication->processRequest()
#11 G:\xampp\htdocs\yii-basic\webapp_yii\index.php(13): CApplication->run()
#12 {main}
REQUEST_URI=/yii-basic/webapp_yii/index.php
---
2021/05/12 09:43:40 [error] [exception.ParseError] ParseError: syntax error, unexpected '*' in G:\xampp\htdocs\yii-basic\webapp_yii\protected\views\site\index.php:22
Stack trace:
#0 G:\xampp\htdocs\yii-1.1.13\framework\web\CBaseController.php(95): CBaseController->renderInternal('G:\\xampp\\htdocs...', NULL, true)
#1 G:\xampp\htdocs\yii-1.1.13\framework\web\CController.php(869): CBaseController->renderFile('G:\\xampp\\htdocs...', NULL, true)
#2 G:\xampp\htdocs\yii-1.1.13\framework\web\CController.php(782): CController->renderPartial('index', NULL, true)
#3 G:\xampp\htdocs\yii-basic\webapp_yii\protected\controllers\SiteController.php(32): CController->render('index')
#4 G:\xampp\htdocs\yii-1.1.13\framework\web\actions\CInlineAction.php(49): SiteController->actionIndex()
#5 G:\xampp\htdocs\yii-1.1.13\framework\web\CController.php(308): CInlineAction->runWithParams(Array)
#6 G:\xampp\htdocs\yii-1.1.13\framework\web\CController.php(286): CController->runAction(Object(CInlineAction))
#7 G:\xampp\htdocs\yii-1.1.13\framework\web\CController.php(265): CController->runActionWithFilters(Object(CInlineAction), Array)
#8 G:\xampp\htdocs\yii-1.1.13\framework\web\CWebApplication.php(282): CController->run('')
#9 G:\xampp\htdocs\yii-1.1.13\framework\web\CWebApplication.php(141): CWebApplication->runController('')
#10 G:\xampp\htdocs\yii-1.1.13\framework\base\CApplication.php(169): CWebApplication->processRequest()
#11 G:\xampp\htdocs\yii-basic\webapp_yii\index.php(13): CApplication->run()
#12 {main}
REQUEST_URI=/yii-basic/webapp_yii/index.php
---
2021/05/12 09:43:41 [error] [exception.ParseError] ParseError: syntax error, unexpected '*' in G:\xampp\htdocs\yii-basic\webapp_yii\protected\views\site\index.php:22
Stack trace:
#0 G:\xampp\htdocs\yii-1.1.13\framework\web\CBaseController.php(95): CBaseController->renderInternal('G:\\xampp\\htdocs...', NULL, true)
#1 G:\xampp\htdocs\yii-1.1.13\framework\web\CController.php(869): CBaseController->renderFile('G:\\xampp\\htdocs...', NULL, true)
#2 G:\xampp\htdocs\yii-1.1.13\framework\web\CController.php(782): CController->renderPartial('index', NULL, true)
#3 G:\xampp\htdocs\yii-basic\webapp_yii\protected\controllers\SiteController.php(32): CController->render('index')
#4 G:\xampp\htdocs\yii-1.1.13\framework\web\actions\CInlineAction.php(49): SiteController->actionIndex()
#5 G:\xampp\htdocs\yii-1.1.13\framework\web\CController.php(308): CInlineAction->runWithParams(Array)
#6 G:\xampp\htdocs\yii-1.1.13\framework\web\CController.php(286): CController->runAction(Object(CInlineAction))
#7 G:\xampp\htdocs\yii-1.1.13\framework\web\CController.php(265): CController->runActionWithFilters(Object(CInlineAction), Array)
#8 G:\xampp\htdocs\yii-1.1.13\framework\web\CWebApplication.php(282): CController->run('')
#9 G:\xampp\htdocs\yii-1.1.13\framework\web\CWebApplication.php(141): CWebApplication->runController('')
#10 G:\xampp\htdocs\yii-1.1.13\framework\base\CApplication.php(169): CWebApplication->processRequest()
#11 G:\xampp\htdocs\yii-basic\webapp_yii\index.php(13): CApplication->run()
#12 {main}
REQUEST_URI=/yii-basic/webapp_yii/index.php
---
2021/05/12 09:44:04 [error] [exception.ParseError] ParseError: syntax error, unexpected '*' in G:\xampp\htdocs\yii-basic\webapp_yii\protected\views\site\index.php:22
Stack trace:
#0 G:\xampp\htdocs\yii-1.1.13\framework\web\CBaseController.php(95): CBaseController->renderInternal('G:\\xampp\\htdocs...', NULL, true)
#1 G:\xampp\htdocs\yii-1.1.13\framework\web\CController.php(869): CBaseController->renderFile('G:\\xampp\\htdocs...', NULL, true)
#2 G:\xampp\htdocs\yii-1.1.13\framework\web\CController.php(782): CController->renderPartial('index', NULL, true)
#3 G:\xampp\htdocs\yii-basic\webapp_yii\protected\controllers\SiteController.php(32): CController->render('index')
#4 G:\xampp\htdocs\yii-1.1.13\framework\web\actions\CInlineAction.php(49): SiteController->actionIndex()
#5 G:\xampp\htdocs\yii-1.1.13\framework\web\CController.php(308): CInlineAction->runWithParams(Array)
#6 G:\xampp\htdocs\yii-1.1.13\framework\web\CController.php(286): CController->runAction(Object(CInlineAction))
#7 G:\xampp\htdocs\yii-1.1.13\framework\web\CController.php(265): CController->runActionWithFilters(Object(CInlineAction), Array)
#8 G:\xampp\htdocs\yii-1.1.13\framework\web\CWebApplication.php(282): CController->run('')
#9 G:\xampp\htdocs\yii-1.1.13\framework\web\CWebApplication.php(141): CWebApplication->runController('')
#10 G:\xampp\htdocs\yii-1.1.13\framework\base\CApplication.php(169): CWebApplication->processRequest()
#11 G:\xampp\htdocs\yii-basic\webapp_yii\index.php(13): CApplication->run()
#12 G:\xampp\htdocs\yii-1.1.13\framework\cli\commands\ShellCommand.php(78): require('G:\\xampp\\htdocs...')
#13 G:\xampp\htdocs\yii-1.1.13\framework\console\CConsoleCommandRunner.php(67): ShellCommand->run(Array)
#14 G:\xampp\htdocs\yii-1.1.13\framework\console\CConsoleApplication.php(91): CConsoleCommandRunner->run(Array)
#15 G:\xampp\htdocs\yii-1.1.13\framework\base\CApplication.php(169): CConsoleApplication->processRequest()
#16 G:\xampp\htdocs\yii-1.1.13\framework\yiic.php(33): CApplication->run()
#17 G:\xampp\htdocs\yii-1.1.13\framework\yiic(14): require_once('G:\\xampp\\htdocs...')
#18 {main}
REQUEST_URI=/index.php
---
2021/05/12 09:44:09 [error] [exception.ParseError] ParseError: syntax error, unexpected '*' in G:\xampp\htdocs\yii-basic\webapp_yii\protected\views\site\index.php:22
Stack trace:
#0 G:\xampp\htdocs\yii-1.1.13\framework\web\CBaseController.php(95): CBaseController->renderInternal('G:\\xampp\\htdocs...', NULL, true)
#1 G:\xampp\htdocs\yii-1.1.13\framework\web\CController.php(869): CBaseController->renderFile('G:\\xampp\\htdocs...', NULL, true)
#2 G:\xampp\htdocs\yii-1.1.13\framework\web\CController.php(782): CController->renderPartial('index', NULL, true)
#3 G:\xampp\htdocs\yii-basic\webapp_yii\protected\controllers\SiteController.php(32): CController->render('index')
#4 G:\xampp\htdocs\yii-1.1.13\framework\web\actions\CInlineAction.php(49): SiteController->actionIndex()
#5 G:\xampp\htdocs\yii-1.1.13\framework\web\CController.php(308): CInlineAction->runWithParams(Array)
#6 G:\xampp\htdocs\yii-1.1.13\framework\web\CController.php(286): CController->runAction(Object(CInlineAction))
#7 G:\xampp\htdocs\yii-1.1.13\framework\web\CController.php(265): CController->runActionWithFilters(Object(CInlineAction), Array)
#8 G:\xampp\htdocs\yii-1.1.13\framework\web\CWebApplication.php(282): CController->run('')
#9 G:\xampp\htdocs\yii-1.1.13\framework\web\CWebApplication.php(141): CWebApplication->runController('')
#10 G:\xampp\htdocs\yii-1.1.13\framework\base\CApplication.php(169): CWebApplication->processRequest()
#11 G:\xampp\htdocs\yii-basic\webapp_yii\index.php(13): CApplication->run()
#12 G:\xampp\htdocs\yii-1.1.13\framework\cli\commands\ShellCommand.php(78): require('G:\\xampp\\htdocs...')
#13 G:\xampp\htdocs\yii-1.1.13\framework\console\CConsoleCommandRunner.php(67): ShellCommand->run(Array)
#14 G:\xampp\htdocs\yii-1.1.13\framework\console\CConsoleApplication.php(91): CConsoleCommandRunner->run(Array)
#15 G:\xampp\htdocs\yii-1.1.13\framework\base\CApplication.php(169): CConsoleApplication->processRequest()
#16 G:\xampp\htdocs\yii-1.1.13\framework\yiic.php(33): CApplication->run()
#17 G:\xampp\htdocs\yii-1.1.13\framework\yiic(14): require_once('G:\\xampp\\htdocs...')
#18 {main}
REQUEST_URI=/index.php
---
2021/05/12 09:44:13 [error] [exception.ParseError] ParseError: syntax error, unexpected '*' in G:\xampp\htdocs\yii-basic\webapp_yii\protected\views\site\index.php:22
Stack trace:
#0 G:\xampp\htdocs\yii-1.1.13\framework\web\CBaseController.php(95): CBaseController->renderInternal('G:\\xampp\\htdocs...', NULL, true)
#1 G:\xampp\htdocs\yii-1.1.13\framework\web\CController.php(869): CBaseController->renderFile('G:\\xampp\\htdocs...', NULL, true)
#2 G:\xampp\htdocs\yii-1.1.13\framework\web\CController.php(782): CController->renderPartial('index', NULL, true)
#3 G:\xampp\htdocs\yii-basic\webapp_yii\protected\controllers\SiteController.php(32): CController->render('index')
#4 G:\xampp\htdocs\yii-1.1.13\framework\web\actions\CInlineAction.php(49): SiteController->actionIndex()
#5 G:\xampp\htdocs\yii-1.1.13\framework\web\CController.php(308): CInlineAction->runWithParams(Array)
#6 G:\xampp\htdocs\yii-1.1.13\framework\web\CController.php(286): CController->runAction(Object(CInlineAction))
#7 G:\xampp\htdocs\yii-1.1.13\framework\web\CController.php(265): CController->runActionWithFilters(Object(CInlineAction), Array)
#8 G:\xampp\htdocs\yii-1.1.13\framework\web\CWebApplication.php(282): CController->run('')
#9 G:\xampp\htdocs\yii-1.1.13\framework\web\CWebApplication.php(141): CWebApplication->runController('')
#10 G:\xampp\htdocs\yii-1.1.13\framework\base\CApplication.php(169): CWebApplication->processRequest()
#11 G:\xampp\htdocs\yii-basic\webapp_yii\index.php(13): CApplication->run()
#12 {main}
REQUEST_URI=/yii-basic/webapp_yii/index.php
---
2021/05/12 11:04:15 [error] [system.db.CDbCommand] CDbCommand::fetchAll() failed: SQLSTATE[42S02]: Base table or view not found: 1146 Table 'blogbasic.tbl_migration' doesn't exist. The SQL statement executed was: SHOW FULL COLUMNS FROM `tbl_migration`.
2021/05/12 11:30:08 [error] [exception.CHttpException.404] CHttpException: Unable to resolve the request "gii". in G:\xampp\htdocs\yii-1.1.13\framework\web\CWebApplication.php:286
Stack trace:
#0 G:\xampp\htdocs\yii-1.1.13\framework\web\CWebApplication.php(141): CWebApplication->runController('gii')
#1 G:\xampp\htdocs\yii-1.1.13\framework\base\CApplication.php(169): CWebApplication->processRequest()
#2 G:\xampp\htdocs\yii-basic\webapp_yii\index.php(13): CApplication->run()
#3 {main}
REQUEST_URI=/yii-basic/webapp_yii/index.php/gii
---
